[2025-12-14T14:04:44.973+0000] {taskinstance.py:1159} INFO - Dependencies all met for dep_context=non-requeueable deps ti=<TaskInstance: job1_continuous_ingestion.fetch_and_send_to_kafka manual__2025-12-14T14:04:44.301567+00:00 [queued]>
[2025-12-14T14:04:44.986+0000] {taskinstance.py:1159} INFO - Dependencies all met for dep_context=requeueable deps ti=<TaskInstance: job1_continuous_ingestion.fetch_and_send_to_kafka manual__2025-12-14T14:04:44.301567+00:00 [queued]>
[2025-12-14T14:04:44.986+0000] {taskinstance.py:1361} INFO - Starting attempt 1 of 2
[2025-12-14T14:04:45.007+0000] {taskinstance.py:1382} INFO - Executing <Task(PythonOperator): fetch_and_send_to_kafka> on 2025-12-14 14:04:44.301567+00:00
[2025-12-14T14:04:45.014+0000] {standard_task_runner.py:57} INFO - Started process 207 to run task
[2025-12-14T14:04:45.019+0000] {standard_task_runner.py:84} INFO - Running: ['***', 'tasks', 'run', 'job1_continuous_ingestion', 'fetch_and_send_to_kafka', 'manual__2025-12-14T14:04:44.301567+00:00', '--job-id', '3', '--raw', '--subdir', 'DAGS_FOLDER/job1_ingestion_dag.py', '--cfg-path', '/tmp/tmpzs0lf6l1']
[2025-12-14T14:04:45.024+0000] {standard_task_runner.py:85} INFO - Job 3: Subtask fetch_and_send_to_kafka
[2025-12-14T14:04:45.095+0000] {task_command.py:416} INFO - Running <TaskInstance: job1_continuous_ingestion.fetch_and_send_to_kafka manual__2025-12-14T14:04:44.301567+00:00 [running]> on host 82f68acb30be
[2025-12-14T14:04:45.204+0000] {taskinstance.py:1662} INFO - Exporting env vars: AIRFLOW_CTX_DAG_OWNER='***' AIRFLOW_CTX_DAG_ID='job1_continuous_ingestion' AIRFLOW_CTX_TASK_ID='fetch_and_send_to_kafka' AIRFLOW_CTX_EXECUTION_DATE='2025-12-14T14:04:44.301567+00:00' AIRFLOW_CTX_TRY_NUMBER='1' AIRFLOW_CTX_DAG_RUN_ID='manual__2025-12-14T14:04:44.301567+00:00'
[2025-12-14T14:04:45.209+0000] {conn.py:380} INFO - <BrokerConnection node_id=bootstrap-0 host=kafka:29092 <connecting> [IPv4 ('172.19.0.4', 29092)]>: connecting to kafka:29092 [('172.19.0.4', 29092) IPv4]
[2025-12-14T14:04:45.210+0000] {conn.py:1205} INFO - Probing node bootstrap-0 broker version
[2025-12-14T14:04:45.211+0000] {conn.py:410} INFO - <BrokerConnection node_id=bootstrap-0 host=kafka:29092 <connecting> [IPv4 ('172.19.0.4', 29092)]>: Connection complete.
[2025-12-14T14:04:45.335+0000] {conn.py:1267} INFO - Broker version identified as 2.5.0
[2025-12-14T14:04:45.336+0000] {conn.py:1268} INFO - Set configuration api_version=(2, 5, 0) to skip auto check_version requests on startup
[2025-12-14T14:04:45.341+0000] {logging_mixin.py:154} INFO - Starting producer... Will fetch data every 30 seconds for 3600 seconds
[2025-12-14T14:04:45.342+0000] {logging_mixin.py:154} INFO - 
Fetching data from API (message #1)...
[2025-12-14T14:04:47.481+0000] {conn.py:380} INFO - <BrokerConnection node_id=1 host=kafka:29092 <connecting> [IPv4 ('172.19.0.4', 29092)]>: connecting to kafka:29092 [('172.19.0.4', 29092) IPv4]
[2025-12-14T14:04:47.483+0000] {conn.py:410} INFO - <BrokerConnection node_id=1 host=kafka:29092 <connecting> [IPv4 ('172.19.0.4', 29092)]>: Connection complete.
[2025-12-14T14:04:47.484+0000] {conn.py:919} INFO - <BrokerConnection node_id=bootstrap-0 host=kafka:29092 <connected> [IPv4 ('172.19.0.4', 29092)]>: Closing connection. 
[2025-12-14T14:04:47.914+0000] {logging_mixin.py:154} INFO - Message sent to topic raw_events
[2025-12-14T14:04:47.921+0000] {logging_mixin.py:154} INFO - Successfully sent message #1
[2025-12-14T14:05:17.922+0000] {logging_mixin.py:154} INFO - 
Fetching data from API (message #2)...
[2025-12-14T14:05:18.823+0000] {logging_mixin.py:154} INFO - Message sent to topic raw_events
[2025-12-14T14:05:18.834+0000] {logging_mixin.py:154} INFO - Successfully sent message #2
[2025-12-14T14:05:48.835+0000] {logging_mixin.py:154} INFO - 
Fetching data from API (message #3)...
[2025-12-14T14:05:52.047+0000] {logging_mixin.py:154} INFO - Message sent to topic raw_events
[2025-12-14T14:05:52.054+0000] {logging_mixin.py:154} INFO - Successfully sent message #3
[2025-12-14T14:06:22.060+0000] {logging_mixin.py:154} INFO - 
Fetching data from API (message #4)...
[2025-12-14T14:06:23.012+0000] {logging_mixin.py:154} INFO - Message sent to topic raw_events
[2025-12-14T14:06:23.018+0000] {logging_mixin.py:154} INFO - Successfully sent message #4
[2025-12-14T14:06:53.021+0000] {logging_mixin.py:154} INFO - 
Fetching data from API (message #5)...
[2025-12-14T14:06:54.085+0000] {logging_mixin.py:154} INFO - Message sent to topic raw_events
[2025-12-14T14:06:54.092+0000] {logging_mixin.py:154} INFO - Successfully sent message #5
[2025-12-14T14:07:24.345+0000] {logging_mixin.py:154} INFO - 
Fetching data from API (message #6)...
[2025-12-14T14:07:25.445+0000] {logging_mixin.py:154} INFO - Message sent to topic raw_events
[2025-12-14T14:07:25.452+0000] {logging_mixin.py:154} INFO - Successfully sent message #6
[2025-12-14T14:07:55.456+0000] {logging_mixin.py:154} INFO - 
Fetching data from API (message #7)...
[2025-12-14T14:07:56.967+0000] {local_task_job_runner.py:294} WARNING - State of this instance has been externally set to success. Terminating instance.
[2025-12-14T14:07:56.973+0000] {process_utils.py:131} INFO - Sending 15 to group 207. PIDs of all processes in the group: [207]
[2025-12-14T14:07:56.974+0000] {process_utils.py:86} INFO - Sending the signal 15 to group 207
[2025-12-14T14:08:00.672+0000] {taskinstance.py:1632} ERROR - Received SIGTERM. Terminating subprocesses.
[2025-12-14T14:08:00.673+0000] {logging_mixin.py:154} INFO - Error fetching data from API: Task received SIGTERM signal
[2025-12-14T14:08:30.680+0000] {logging_mixin.py:154} INFO - 
Fetching data from API (message #7)...
[2025-12-14T14:08:31.576+0000] {logging_mixin.py:154} INFO - Message sent to topic raw_events
[2025-12-14T14:08:31.582+0000] {logging_mixin.py:154} INFO - Successfully sent message #7
[2025-12-14T14:08:34.958+0000] {local_task_job_runner.py:115} ERROR - Received SIGTERM. Terminating subprocesses
[2025-12-14T14:08:34.962+0000] {process_utils.py:131} INFO - Sending 15 to group 207. PIDs of all processes in the group: [207]
[2025-12-14T14:08:34.966+0000] {process_utils.py:86} INFO - Sending the signal 15 to group 207
[2025-12-14T14:08:34.967+0000] {taskinstance.py:1632} ERROR - Received SIGTERM. Terminating subprocesses.
[2025-12-14T14:08:34.968+0000] {kafka.py:483} INFO - Closing the Kafka producer with 9223372036.0 secs timeout.
[2025-12-14T14:08:34.971+0000] {conn.py:919} INFO - <BrokerConnection node_id=1 host=kafka:29092 <connected> [IPv4 ('172.19.0.4', 29092)]>: Closing connection. 
[2025-12-14T14:08:34.972+0000] {logging_mixin.py:154} INFO - 
Producer finished. Total messages sent: 7
[2025-12-14T14:08:35.069+0000] {process_utils.py:79} INFO - Process psutil.Process(pid=207, status='terminated', exitcode=0, started='14:04:44') (207) terminated with exit code 0
[2025-12-14T14:08:35.070+0000] {local_task_job_runner.py:228} INFO - Task exited with return code 143
[2025-12-14T14:08:35.097+0000] {taskinstance.py:2778} INFO - 0 downstream tasks scheduled from follow-on schedule check
[2025-12-14T14:08:35.101+0000] {process_utils.py:79} INFO - Process psutil.Process(pid=207, status='terminated', started='14:04:44') (207) terminated with exit code None
